<?xml version="1.0" encoding="UTF-8"?>
<testsuite name="com.bank.core.domain.model.MoneyTest" tests="13" skipped="0" failures="0" errors="0" timestamp="2026-02-23T16:17:45" hostname="RubenS" time="0.056">
  <properties/>
  <testcase name="moneyShouldBeImmutable()" classname="com.bank.core.domain.model.MoneyTest" time="0.003"/>
  <testcase name="shouldCreateMoneyWithAmountAndCurrency()" classname="com.bank.core.domain.model.MoneyTest" time="0.003"/>
  <testcase name="shouldBeGreaterThanOrEqual()" classname="com.bank.core.domain.model.MoneyTest" time="0.003"/>
  <testcase name="shouldImplementEqualsCorrectly()" classname="com.bank.core.domain.model.MoneyTest" time="0.001"/>
  <testcase name="shouldThrowExceptionWhenAmountIsNull()" classname="com.bank.core.domain.model.MoneyTest" time="0.002"/>
  <testcase name="shouldThrowExceptionWhenCurrencyIsBlank()" classname="com.bank.core.domain.model.MoneyTest" time="0.003"/>
  <testcase name="shouldSubtractMoneyWithSameCurrency()" classname="com.bank.core.domain.model.MoneyTest" time="0.001"/>
  <testcase name="shouldImplementHashCodeConsistentlyWithEquals()" classname="com.bank.core.domain.model.MoneyTest" time="0.004"/>
  <testcase name="shouldThrowCurrencyMismatchExceptionWhenSubtractingDifferentCurrencies()" classname="com.bank.core.domain.model.MoneyTest" time="0.002"/>
  <testcase name="shouldAddMoneyWithSameCurrency()" classname="com.bank.core.domain.model.MoneyTest" time="0.001"/>
  <testcase name="shouldValidateSameCurrency()" classname="com.bank.core.domain.model.MoneyTest" time="0.002"/>
  <testcase name="shouldThrowCurrencyMismatchExceptionWhenAddingDifferentCurrencies()" classname="com.bank.core.domain.model.MoneyTest" time="0.003"/>
  <testcase name="shouldThrowExceptionWhenCurrencyIsNull()" classname="com.bank.core.domain.model.MoneyTest" time="0.002"/>
  <system-out><![CDATA[]]></system-out>
  <system-err><![CDATA[]]></system-err>
</testsuite>
