<?xml version="1.0" encoding="UTF-8"?>
<testsuite name="Validación de divisa" tests="2" skipped="0" failures="0" errors="0" timestamp="2026-02-23T18:44:09" hostname="RubenS" time="0.005">
  <properties/>
  <testcase name="hasSameCurrencyRetornaFalseParaDivisasDiferentes()" classname="com.bank.core.domain.valueobject.MoneyTest$CurrencyValidation" time="0.002"/>
  <testcase name="hasSameCurrencyRetornaTrueParaMismaDivisa()" classname="com.bank.core.domain.valueobject.MoneyTest$CurrencyValidation" time="0.001"/>
  <system-out><![CDATA[]]></system-out>
  <system-err><![CDATA[]]></system-err>
</testsuite>
