<?xml version="1.0" encoding="UTF-8"?>
<testsuite name="Transferencia" tests="5" skipped="0" failures="0" errors="0" timestamp="2026-02-23T18:52:52" hostname="RubenS" time="0.795">
  <properties/>
  <testcase name="transferirACuentaDiferenteDescuentaOrigenYAcreditaDestino()" classname="com.bank.core.domain.entity.AccountTest$Transfer" time="0.672"/>
  <testcase name="transferirALaMismaCuentaLanzaExcepcion()" classname="com.bank.core.domain.entity.AccountTest$Transfer" time="0.061"/>
  <testcase name="transferirACuentaNoActivaLanzaExcepcion()" classname="com.bank.core.domain.entity.AccountTest$Transfer" time="0.012"/>
  <testcase name="transferirConFondosInsuficientesLanzaExcepcion()" classname="com.bank.core.domain.entity.AccountTest$Transfer" time="0.021"/>
  <testcase name="transferirConDivisaDiferenteLanzaExcepcion()" classname="com.bank.core.domain.entity.AccountTest$Transfer" time="0.006"/>
  <system-out><![CDATA[]]></system-out>
  <system-err><![CDATA[]]></system-err>
</testsuite>
