<?xml version="1.0" encoding="UTF-8"?>
<testsuite name="com.bank.core.CoreBankApplicationTests" tests="1" skipped="0" failures="0" errors="0" timestamp="2026-02-23T16:17:44" hostname="RubenS" time="1.221">
  <properties/>
  <testcase name="contextLoads()" classname="com.bank.core.CoreBankApplicationTests" time="1.221"/>
  <system-out><![CDATA[11:17:36.938 [Test worker] INFO org.springframework.test.context.support.AnnotationConfigContextLoaderUtils -- Could not detect default configuration classes for test class [com.bank.core.CoreBankApplicationTests]: CoreBankApplicationTests does not declare any static, non-private, non-final, nested classes annotated with @Configuration.
11:17:37.185 [Test worker] INFO org.springframework.boot.test.context.SpringBootTestContextBootstrapper -- Found @SpringBootConfiguration com.bank.core.CoreBankApplication for test class com.bank.core.CoreBankApplicationTests

  .   ____          _            __ _ _
 /\\ / ___'_ __ _ _(_)_ __  __ _ \ \ \ \
( ( )\___ | '_ | '_| | '_ \/ _` | \ \ \ \
 \\/  ___)| |_)| | | | | || (_| |  ) ) ) )
  '  |____| .__|_| |_|_| |_\__, | / / / /
 =========|_|==============|___/=/_/_/_/
 :: Spring Boot ::                (v3.2.0)

2026-02-23T11:17:38.092-05:00  INFO 81446 --- [    Test worker] com.bank.core.CoreBankApplicationTests   : Starting CoreBankApplicationTests using Java 17.0.18 with PID 81446 (started by root in /root/agent_code_generator/workspaces/core_bank_java/core_bank_java_test_1)
2026-02-23T11:17:38.098-05:00  INFO 81446 --- [    Test worker] com.bank.core.CoreBankApplicationTests   : No active profile set, falling back to 1 default profile: "default"
2026-02-23T11:17:39.746-05:00  INFO 81446 --- [    Test worker] .s.d.r.c.RepositoryConfigurationDelegate : Bootstrapping Spring Data JPA repositories in DEFAULT mode.
2026-02-23T11:17:39.790-05:00  INFO 81446 --- [    Test worker] .s.d.r.c.RepositoryConfigurationDelegate : Finished Spring Data repository scanning in 30 ms. Found 0 JPA repository interfaces.
2026-02-23T11:17:40.777-05:00  INFO 81446 --- [    Test worker] o.hibernate.jpa.internal.util.LogHelper  : HHH000204: Processing PersistenceUnitInfo [name: default]
2026-02-23T11:17:40.949-05:00  INFO 81446 --- [    Test worker] org.hibernate.Version                    : HHH000412: Hibernate ORM core version 6.3.1.Final
2026-02-23T11:17:41.083-05:00  INFO 81446 --- [    Test worker] o.h.c.internal.RegionFactoryInitiator    : HHH000026: Second-level cache disabled
2026-02-23T11:17:42.033-05:00  INFO 81446 --- [    Test worker] o.s.o.j.p.SpringPersistenceUnitInfo      : No LoadTimeWeaver setup: ignoring JPA class transformer
2026-02-23T11:17:42.097-05:00  INFO 81446 --- [    Test worker] com.zaxxer.hikari.HikariDataSource       : HikariPool-1 - Starting...
2026-02-23T11:17:42.482-05:00  INFO 81446 --- [    Test worker] com.zaxxer.hikari.pool.HikariPool        : HikariPool-1 - Added connection conn0: url=jdbc:h2:mem:testdb user=SA
2026-02-23T11:17:42.487-05:00  INFO 81446 --- [    Test worker] com.zaxxer.hikari.HikariDataSource       : HikariPool-1 - Start completed.
2026-02-23T11:17:42.543-05:00  WARN 81446 --- [    Test worker] org.hibernate.orm.deprecation            : HHH90000025: H2Dialect does not need to be specified explicitly using 'hibernate.dialect' (remove the property setting and it will be selected by default)
2026-02-23T11:17:43.276-05:00  INFO 81446 --- [    Test worker] o.h.e.t.j.p.i.JtaPlatformInitiator       : HHH000489: No JTA platform available (set 'hibernate.transaction.jta.platform' to enable JTA platform integration)
2026-02-23T11:17:43.290-05:00  INFO 81446 --- [    Test worker] j.LocalContainerEntityManagerFactoryBean : Initialized JPA EntityManagerFactory for persistence unit 'default'
2026-02-23T11:17:43.584-05:00  WARN 81446 --- [    Test worker] JpaBaseConfiguration$JpaWebConfiguration : spring.jpa.open-in-view is enabled by default. Therefore, database queries may be performed during view rendering. Explicitly configure spring.jpa.open-in-view to disable this warning
2026-02-23T11:17:44.446-05:00  INFO 81446 --- [    Test worker] com.bank.core.CoreBankApplicationTests   : Started CoreBankApplicationTests in 6.942 seconds (process running for 9.013)
]]></system-out>
  <system-err><![CDATA[]]></system-err>
</testsuite>
