<?xml version="1.0" encoding="UTF-8"?>
<testsuite name="Resta" tests="3" skipped="0" failures="0" errors="0" timestamp="2026-02-23T18:52:53" hostname="RubenS" time="0.024">
  <properties/>
  <testcase name="restaDosMontosMismaDivisa()" classname="com.bank.core.domain.valueobject.MoneyTest$Subtract" time="0.01"/>
  <testcase name="restaConDivisasDiferentesLanzaExcepcion()" classname="com.bank.core.domain.valueobject.MoneyTest$Subtract" time="0.003"/>
  <testcase name="restaQueResultaNegativoLanzaExcepcion()" classname="com.bank.core.domain.valueobject.MoneyTest$Subtract" time="0.004"/>
  <system-out><![CDATA[]]></system-out>
  <system-err><![CDATA[]]></system-err>
</testsuite>
