<?xml version="1.0" encoding="UTF-8"?>
<testsuite name="com.bank.core.infrastructure.adapter.output.UuidAccountNumberGeneratorTest" tests="23" skipped="0" failures="0" errors="0" timestamp="2026-02-23T21:49:42" hostname="RubenS" time="0.339">
  <properties/>
  <testcase name="shouldGenerateAccountNumberWith8Characters()" classname="com.bank.core.infrastructure.adapter.output.UuidAccountNumberGeneratorTest" time="0.002"/>
  <testcase name="repetition 1 of 20" classname="com.bank.core.infrastructure.adapter.output.UuidAccountNumberGeneratorTest" time="0.052"/>
  <testcase name="repetition 2 of 20" classname="com.bank.core.infrastructure.adapter.output.UuidAccountNumberGeneratorTest" time="0.016"/>
  <testcase name="repetition 3 of 20" classname="com.bank.core.infrastructure.adapter.output.UuidAccountNumberGeneratorTest" time="0.005"/>
  <testcase name="repetition 4 of 20" classname="com.bank.core.infrastructure.adapter.output.UuidAccountNumberGeneratorTest" time="0.011"/>
  <testcase name="repetition 5 of 20" classname="com.bank.core.infrastructure.adapter.output.UuidAccountNumberGeneratorTest" time="0.008"/>
  <testcase name="repetition 6 of 20" classname="com.bank.core.infrastructure.adapter.output.UuidAccountNumberGeneratorTest" time="0.005"/>
  <testcase name="repetition 7 of 20" classname="com.bank.core.infrastructure.adapter.output.UuidAccountNumberGeneratorTest" time="0.004"/>
  <testcase name="repetition 8 of 20" classname="com.bank.core.infrastructure.adapter.output.UuidAccountNumberGeneratorTest" time="0.003"/>
  <testcase name="repetition 9 of 20" classname="com.bank.core.infrastructure.adapter.output.UuidAccountNumberGeneratorTest" time="0.003"/>
  <testcase name="repetition 10 of 20" classname="com.bank.core.infrastructure.adapter.output.UuidAccountNumberGeneratorTest" time="0.004"/>
  <testcase name="repetition 11 of 20" classname="com.bank.core.infrastructure.adapter.output.UuidAccountNumberGeneratorTest" time="0.002"/>
  <testcase name="repetition 12 of 20" classname="com.bank.core.infrastructure.adapter.output.UuidAccountNumberGeneratorTest" time="0.004"/>
  <testcase name="repetition 13 of 20" classname="com.bank.core.infrastructure.adapter.output.UuidAccountNumberGeneratorTest" time="0.003"/>
  <testcase name="repetition 14 of 20" classname="com.bank.core.infrastructure.adapter.output.UuidAccountNumberGeneratorTest" time="0.005"/>
  <testcase name="repetition 15 of 20" classname="com.bank.core.infrastructure.adapter.output.UuidAccountNumberGeneratorTest" time="0.005"/>
  <testcase name="repetition 16 of 20" classname="com.bank.core.infrastructure.adapter.output.UuidAccountNumberGeneratorTest" time="0.005"/>
  <testcase name="repetition 17 of 20" classname="com.bank.core.infrastructure.adapter.output.UuidAccountNumberGeneratorTest" time="0.004"/>
  <testcase name="repetition 18 of 20" classname="com.bank.core.infrastructure.adapter.output.UuidAccountNumberGeneratorTest" time="0.003"/>
  <testcase name="repetition 19 of 20" classname="com.bank.core.infrastructure.adapter.output.UuidAccountNumberGeneratorTest" time="0.004"/>
  <testcase name="repetition 20 of 20" classname="com.bank.core.infrastructure.adapter.output.UuidAccountNumberGeneratorTest" time="0.014"/>
  <testcase name="shouldGenerateNonEmptyAccountNumber()" classname="com.bank.core.infrastructure.adapter.output.UuidAccountNumberGeneratorTest" time="0.003"/>
  <testcase name="shouldGenerateAccountNumberWithOnlyAlphanumericCharacters()" classname="com.bank.core.infrastructure.adapter.output.UuidAccountNumberGeneratorTest" time="0.002"/>
  <system-out><![CDATA[]]></system-out>
  <system-err><![CDATA[]]></system-err>
</testsuite>
