<?xml version="1.0" encoding="UTF-8"?>
<testsuite name="Depósito" tests="5" skipped="0" failures="0" errors="0" timestamp="2026-02-23T18:44:09" hostname="RubenS" time="0.019">
  <properties/>
  <testcase name="depositoConDivisaDiferenteLanzaExcepcion()" classname="com.bank.core.domain.entity.AccountTest$Deposit" time="0.003"/>
  <testcase name="depositoEnCuentaCongeladaLanzaExcepcion()" classname="com.bank.core.domain.entity.AccountTest$Deposit" time="0.002"/>
  <testcase name="depositoEnCuentaCerradaLanzaExcepcion()" classname="com.bank.core.domain.entity.AccountTest$Deposit" time="0.002"/>
  <testcase name="depositaMontoPositivoEnCuentaActiva()" classname="com.bank.core.domain.entity.AccountTest$Deposit" time="0.001"/>
  <testcase name="depositoConMontoCeroLanzaExcepcion()" classname="com.bank.core.domain.entity.AccountTest$Deposit" time="0.003"/>
  <system-out><![CDATA[]]></system-out>
  <system-err><![CDATA[]]></system-err>
</testsuite>
