<?xml version="1.0" encoding="UTF-8"?>
<testsuite name="Depósito" tests="5" skipped="0" failures="0" errors="0" timestamp="2026-02-23T18:52:53" hostname="RubenS" time="0.089">
  <properties/>
  <testcase name="depositoConDivisaDiferenteLanzaExcepcion()" classname="com.bank.core.domain.entity.AccountTest$Deposit" time="0.01"/>
  <testcase name="depositoEnCuentaCongeladaLanzaExcepcion()" classname="com.bank.core.domain.entity.AccountTest$Deposit" time="0.02"/>
  <testcase name="depositoEnCuentaCerradaLanzaExcepcion()" classname="com.bank.core.domain.entity.AccountTest$Deposit" time="0.005"/>
  <testcase name="depositaMontoPositivoEnCuentaActiva()" classname="com.bank.core.domain.entity.AccountTest$Deposit" time="0.017"/>
  <testcase name="depositoConMontoCeroLanzaExcepcion()" classname="com.bank.core.domain.entity.AccountTest$Deposit" time="0.014"/>
  <system-out><![CDATA[]]></system-out>
  <system-err><![CDATA[]]></system-err>
</testsuite>
