<?xml version="1.0" encoding="UTF-8"?>
<testsuite name="com.bank.core.CoreBankApplicationTests" tests="1" skipped="0" failures="0" errors="0" timestamp="2026-02-23T16:21:58" hostname="RubenS" time="2.259">
  <properties/>
  <testcase name="contextLoads()" classname="com.bank.core.CoreBankApplicationTests" time="2.259"/>
  <system-out><![CDATA[11:21:51.038 [Test worker] INFO org.springframework.test.context.support.AnnotationConfigContextLoaderUtils -- Could not detect default configuration classes for test class [com.bank.core.CoreBankApplicationTests]: CoreBankApplicationTests does not declare any static, non-private, non-final, nested classes annotated with @Configuration.
11:21:51.287 [Test worker] INFO org.springframework.boot.test.context.SpringBootTestContextBootstrapper -- Found @SpringBootConfiguration com.bank.core.CoreBankApplication for test class com.bank.core.CoreBankApplicationTests

  .   ____          _            __ _ _
 /\\ / ___'_ __ _ _(_)_ __  __ _ \ \ \ \
( ( )\___ | '_ | '_| | '_ \/ _` | \ \ \ \
 \\/  ___)| |_)| | | | | || (_| |  ) ) ) )
  '  |____| .__|_| |_|_| |_\__, | / / / /
 =========|_|==============|___/=/_/_/_/
 :: Spring Boot ::                (v3.2.0)

2026-02-23T11:21:52.497-05:00  INFO 83494 --- [    Test worker] com.bank.core.CoreBankApplicationTests   : Starting CoreBankApplicationTests using Java 17.0.18 with PID 83494 (started by root in /root/agent_code_generator/workspaces/core_bank_java/core_bank_java_test_1)
2026-02-23T11:21:52.500-05:00  INFO 83494 --- [    Test worker] com.bank.core.CoreBankApplicationTests   : No active profile set, falling back to 1 default profile: "default"
2026-02-23T11:21:54.233-05:00  INFO 83494 --- [    Test worker] .s.d.r.c.RepositoryConfigurationDelegate : Bootstrapping Spring Data JPA repositories in DEFAULT mode.
2026-02-23T11:21:54.287-05:00  INFO 83494 --- [    Test worker] .s.d.r.c.RepositoryConfigurationDelegate : Finished Spring Data repository scanning in 34 ms. Found 0 JPA repository interfaces.
2026-02-23T11:21:55.302-05:00  INFO 83494 --- [    Test worker] o.hibernate.jpa.internal.util.LogHelper  : HHH000204: Processing PersistenceUnitInfo [name: default]
2026-02-23T11:21:55.483-05:00  INFO 83494 --- [    Test worker] org.hibernate.Version                    : HHH000412: Hibernate ORM core version 6.3.1.Final
2026-02-23T11:21:55.583-05:00  INFO 83494 --- [    Test worker] o.h.c.internal.RegionFactoryInitiator    : HHH000026: Second-level cache disabled
2026-02-23T11:21:56.109-05:00  INFO 83494 --- [    Test worker] o.s.o.j.p.SpringPersistenceUnitInfo      : No LoadTimeWeaver setup: ignoring JPA class transformer
2026-02-23T11:21:56.156-05:00  INFO 83494 --- [    Test worker] com.zaxxer.hikari.HikariDataSource       : HikariPool-1 - Starting...
2026-02-23T11:21:56.515-05:00  INFO 83494 --- [    Test worker] com.zaxxer.hikari.pool.HikariPool        : HikariPool-1 - Added connection conn0: url=jdbc:h2:mem:testdb user=SA
2026-02-23T11:21:56.518-05:00  INFO 83494 --- [    Test worker] com.zaxxer.hikari.HikariDataSource       : HikariPool-1 - Start completed.
2026-02-23T11:21:56.567-05:00  WARN 83494 --- [    Test worker] org.hibernate.orm.deprecation            : HHH90000025: H2Dialect does not need to be specified explicitly using 'hibernate.dialect' (remove the property setting and it will be selected by default)
2026-02-23T11:21:57.148-05:00  INFO 83494 --- [    Test worker] o.h.e.t.j.p.i.JtaPlatformInitiator       : HHH000489: No JTA platform available (set 'hibernate.transaction.jta.platform' to enable JTA platform integration)
2026-02-23T11:21:57.161-05:00  INFO 83494 --- [    Test worker] j.LocalContainerEntityManagerFactoryBean : Initialized JPA EntityManagerFactory for persistence unit 'default'
2026-02-23T11:21:57.576-05:00  WARN 83494 --- [    Test worker] JpaBaseConfiguration$JpaWebConfiguration : spring.jpa.open-in-view is enabled by default. Therefore, database queries may be performed during view rendering. Explicitly configure spring.jpa.open-in-view to disable this warning
2026-02-23T11:21:58.479-05:00  INFO 83494 --- [    Test worker] com.bank.core.CoreBankApplicationTests   : Started CoreBankApplicationTests in 6.735 seconds (process running for 10.714)
]]></system-out>
  <system-err><![CDATA[]]></system-err>
</testsuite>
