<?xml version="1.0" encoding="UTF-8"?>
<testsuite name="com.bank.core.application.usecase.GetBalanceServiceTest" tests="3" skipped="0" failures="0" errors="0" timestamp="2026-02-23T21:54:33" hostname="RubenS" time="0.08">
  <properties/>
  <testcase name="shouldReturnBalanceWhenAccountExists()" classname="com.bank.core.application.usecase.GetBalanceServiceTest" time="0.03"/>
  <testcase name="shouldReturnZeroBalanceWhenAccountHasZeroBalance()" classname="com.bank.core.application.usecase.GetBalanceServiceTest" time="0.016"/>
  <testcase name="shouldThrowAccountNotFoundExceptionWhenAccountDoesNotExist()" classname="com.bank.core.application.usecase.GetBalanceServiceTest" time="0.019"/>
  <system-out><![CDATA[]]></system-out>
  <system-err><![CDATA[]]></system-err>
</testsuite>
