<?xml version="1.0" encoding="UTF-8"?>
<testsuite name="Retiro" tests="4" skipped="0" failures="0" errors="0" timestamp="2026-02-23T18:52:53" hostname="RubenS" time="0.056">
  <properties/>
  <testcase name="retiroConFondosInsuficientesLanzaExcepcion()" classname="com.bank.core.domain.entity.AccountTest$Withdraw" time="0.006"/>
  <testcase name="retiroEnCuentaCongeladaLanzaExcepcion()" classname="com.bank.core.domain.entity.AccountTest$Withdraw" time="0.004"/>
  <testcase name="retiroConMontoCeroLanzaExcepcion()" classname="com.bank.core.domain.entity.AccountTest$Withdraw" time="0.005"/>
  <testcase name="retiraMontoDisponibleEnCuentaActiva()" classname="com.bank.core.domain.entity.AccountTest$Withdraw" time="0.006"/>
  <system-out><![CDATA[]]></system-out>
  <system-err><![CDATA[]]></system-err>
</testsuite>
